# JRE version: OpenJDK Runtime Environment (17.0.11) (build 17.0.11+0--11852314)
# Java VM: OpenJDK 64-Bit Server VM (17.0.11+0--11852314, mixed mode, tiered, compressed oops, compressed class ptrs, g1 gc, windows-amd64)
GC Precious Log:
 CPUs: 16 total, 16 available
 Memory: 15681M
 Large Page Support: Disabled
 NUMA Support: Disabled
 Compressed Oops: Enabled (32-bit)
 Heap Region Size: 1M
 Heap Min Capacity: 8M
 Heap Initial Capacity: 246M
 Heap Max Capacity: 2G
 Pre-touch: Disabled
 Parallel Workers: 13
 Concurrent Workers: 3
 Concurrent Refinement Workers: 13
 Periodic GC: Disabled
Heap:
 garbage-first heap   total 157696K, used 90553K [0x0000000080000000, 0x0000000100000000)
  region size 1024K, 26 young (26624K), 1 survivors (1024K)
 Metaspace       used 63766K, committed 64320K, reserved 1114112K
  class space    used 8609K, committed 8832K, reserved 1048576K
GC Heap History (20 events):
Event: 4.761 GC heap before
{Heap before GC invocations=16 (full 0):
 garbage-first heap   total 71680K, used 59407K [0x0000000080000000, 0x0000000100000000)
  region size 1024K, 24 young (24576K), 3 survivors (3072K)
 Metaspace       used 55602K, committed 56128K, reserved 1114112K
  class space    used 7626K, committed 7872K, reserved 1048576K
}
Event: 4.763 GC heap after
{Heap after GC invocations=17 (full 0):
 garbage-first heap   total 86016K, used 37135K [0x0000000080000000, 0x0000000100000000)
  region size 1024K, 3 young (3072K), 3 survivors (3072K)
 Metaspace       used 55602K, committed 56128K, reserved 1114112K
  class space    used 7626K, committed 7872K, reserved 1048576K
}
Event: 4.824 GC heap before
{Heap before GC invocations=17 (full 0):
 garbage-first heap   total 86016K, used 38159K [0x0000000080000000, 0x0000000100000000)
  region size 1024K, 4 young (4096K), 3 survivors (3072K)
 Metaspace       used 55654K, committed 56192K, reserved 1114112K
  class space    used 7627K, committed 7872K, reserved 1048576K
}
Event: 4.826 GC heap after
{Heap after GC invocations=18 (full 0):
 garbage-first heap   total 86016K, used 37463K [0x0000000080000000, 0x0000000100000000)
  region size 1024K, 1 young (1024K), 1 survivors (1024K)
 Metaspace       used 55654K, committed 56192K, reserved 1114112K
  class space    used 7627K, committed 7872K, reserved 1048576K
}
Event: 5.140 GC heap before
{Heap before GC invocations=18 (full 0):
 garbage-first heap   total 86016K, used 68183K [0x0000000080000000, 0x0000000100000000)
  region size 1024K, 32 young (32768K), 1 survivors (1024K)
 Metaspace       used 56857K, committed 57344K, reserved 1114112K
  class space    used 7755K, committed 8000K, reserved 1048576K
}
Event: 5.143 GC heap after
{Heap after GC invocations=19 (full 0):
 garbage-first heap   total 86016K, used 43732K [0x0000000080000000, 0x0000000100000000)
  region size 1024K, 4 young (4096K), 4 survivors (4096K)
 Metaspace       used 56857K, committed 57344K, reserved 1114112K
  class space    used 7755K, committed 8000K, reserved 1048576K
}
Event: 5.232 GC heap before
{Heap before GC invocations=19 (full 0):
 garbage-first heap   total 86016K, used 66260K [0x0000000080000000, 0x0000000100000000)
  region size 1024K, 27 young (27648K), 4 survivors (4096K)
 Metaspace       used 57234K, committed 57792K, reserved 1114112K
  class space    used 7784K, committed 8064K, reserved 1048576K
}
Event: 5.234 GC heap after
{Heap after GC invocations=20 (full 0):
 garbage-first heap   total 86016K, used 45542K [0x0000000080000000, 0x0000000100000000)
  region size 1024K, 4 young (4096K), 4 survivors (4096K)
 Metaspace       used 57234K, committed 57792K, reserved 1114112K
  class space    used 7784K, committed 8064K, reserved 1048576K
}
Event: 5.462 GC heap before
{Heap before GC invocations=21 (full 0):
 garbage-first heap   total 86016K, used 75238K [0x0000000080000000, 0x0000000100000000)
  region size 1024K, 22 young (22528K), 4 survivors (4096K)
 Metaspace       used 57748K, committed 58304K, reserved 1114112K
  class space    used 7866K, committed 8128K, reserved 1048576K
}
Event: 5.464 GC heap after
{Heap after GC invocations=22 (full 0):
 garbage-first heap   total 88064K, used 64024K [0x0000000080000000, 0x0000000100000000)
  region size 1024K, 4 young (4096K), 4 survivors (4096K)
 Metaspace       used 57748K, committed 58304K, reserved 1114112K
  class space    used 7866K, committed 8128K, reserved 1048576K
}
Event: 5.477 GC heap before
{Heap before GC invocations=22 (full 0):
 garbage-first heap   total 88064K, used 66072K [0x0000000080000000, 0x0000000100000000)
  region size 1024K, 5 young (5120K), 4 survivors (4096K)
 Metaspace       used 57795K, committed 58304K, reserved 1114112K
  class space    used 7871K, committed 8128K, reserved 1048576K
}
Event: 5.479 GC heap after
{Heap after GC invocations=23 (full 0):
 garbage-first heap   total 88064K, used 64549K [0x0000000080000000, 0x0000000100000000)
  region size 1024K, 1 young (1024K), 1 survivors (1024K)
 Metaspace       used 57795K, committed 58304K, reserved 1114112K
  class space    used 7871K, committed 8128K, reserved 1048576K
}
Event: 5.533 GC heap before
{Heap before GC invocations=23 (full 0):
 garbage-first heap   total 88064K, used 70693K [0x0000000080000000, 0x0000000100000000)
  region size 1024K, 7 young (7168K), 1 survivors (1024K)
 Metaspace       used 58292K, committed 58880K, reserved 1114112K
  class space    used 7961K, committed 8256K, reserved 1048576K
}
Event: 5.534 GC heap after
{Heap after GC invocations=24 (full 0):
 garbage-first heap   total 88064K, used 64487K [0x0000000080000000, 0x0000000100000000)
  region size 1024K, 1 young (1024K), 1 survivors (1024K)
 Metaspace       used 58292K, committed 58880K, reserved 1114112K
  class space    used 7961K, committed 8256K, reserved 1048576K
}
Event: 5.595 GC heap before
{Heap before GC invocations=25 (full 0):
 garbage-first heap   total 112640K, used 70631K [0x0000000080000000, 0x0000000100000000)
  region size 1024K, 8 young (8192K), 1 survivors (1024K)
 Metaspace       used 58766K, committed 59328K, reserved 1114112K
  class space    used 8008K, committed 8256K, reserved 1048576K
}
Event: 5.596 GC heap after
{Heap after GC invocations=26 (full 0):
 garbage-first heap   total 112640K, used 65124K [0x0000000080000000, 0x0000000100000000)
  region size 1024K, 1 young (1024K), 1 survivors (1024K)
 Metaspace       used 58766K, committed 59328K, reserved 1114112K
  class space    used 8008K, committed 8256K, reserved 1048576K
}
Event: 5.622 GC heap before
{Heap before GC invocations=26 (full 0):
 garbage-first heap   total 112640K, used 70244K [0x0000000080000000, 0x0000000100000000)
  region size 1024K, 5 young (5120K), 1 survivors (1024K)
 Metaspace       used 59005K, committed 59584K, reserved 1114112K
  class space    used 8039K, committed 8320K, reserved 1048576K
}
Event: 5.623 GC heap after
{Heap after GC invocations=27 (full 0):
 garbage-first heap   total 112640K, used 65250K [0x0000000080000000, 0x0000000100000000)
  region size 1024K, 1 young (1024K), 1 survivors (1024K)
 Metaspace       used 59005K, committed 59584K, reserved 1114112K
  class space    used 8039K, committed 8320K, reserved 1048576K
}
Event: 5.868 GC heap before
{Heap before GC invocations=27 (full 0):
 garbage-first heap   total 112640K, used 90850K [0x0000000080000000, 0x0000000100000000)
  region size 1024K, 27 young (27648K), 1 survivors (1024K)
 Metaspace       used 61227K, committed 61760K, reserved 1114112K
  class space    used 8329K, committed 8576K, reserved 1048576K
}
Event: 5.870 GC heap after
{Heap after GC invocations=28 (full 0):
 garbage-first heap   total 157696K, used 65977K [0x0000000080000000, 0x0000000100000000)
  region size 1024K, 1 young (1024K), 1 survivors (1024K)
 Metaspace       used 61227K, committed 61760K, reserved 1114112K
  class space    used 8329K, committed 8576K, reserved 1048576K
}

